INFO:root:Connected to port: 42012
INFO:root:Got: INIT_REQ.
INFO:root:Sent INIT_RESP.
INFO:root:Got: MOVE_REQ.
INFO:root:Sent MOVE_RESP.
INFO:root:Got: MOVE_REQ.
INFO:root:Sent MOVE_RESP.
INFO:root:Got: MOVE_REQ.
INFO:root:Sent MOVE_RESP.
INFO:root:Got: MOVE_REQ.
INFO:root:Sent MOVE_RESP.
INFO:root:Got: MOVE_REQ.
INFO:root:Sent MOVE_RESP.
INFO:root:Got: MOVE_REQ.
INFO:root:Sent MOVE_RESP.
INFO:root:Got: MOVE_REQ.
INFO:root:Sent MOVE_RESP.
INFO:root:Got: MOVE_REQ.
INFO:root:Sent MOVE_RESP.
INFO:root:Got: MOVE_REQ.
INFO:root:Sent MOVE_RESP.
INFO:root:Got: MOVE_REQ.
INFO:root:Sent MOVE_RESP.
INFO:root:Got: MOVE_REQ.
INFO:root:Sent MOVE_RESP.
INFO:root:Got: MOVE_REQ.
INFO:root:Sent MOVE_RESP.
INFO:root:Got: MOVE_REQ.
INFO:root:Sent MOVE_RESP.
INFO:root:Got: MOVE_REQ.
INFO:root:Sent MOVE_RESP.
INFO:root:Got: END_REQ.
INFO:root:Disconnected successfully.
